<?xml version="1.0" encoding="UTF-8"?>
<!-- Generated by org.testng.reporters.JUnitReportReporter -->
<testsuite hostname="Ashwins-MacBook-Pro.local" name="com.testrunner.TestRunner" tests="1" failures="0" timestamp="16 Jun 2017 12:30:03 GMT" time="200.685" errors="0">
  <testcase name="feature" time="200.685" classname="com.testrunner.TestRunner"/>
</testsuite> <!-- com.testrunner.TestRunner -->
