<?xml version="1.0" encoding="UTF-8"?>
<!-- Generated by org.testng.reporters.JUnitReportReporter -->
<testsuite hostname="Vidhans-MBP-2" name="com.testrunner.TestRunner" tests="1" failures="0" timestamp="9 Apr 2017 15:53:11 GMT" time="77.664" errors="0">
  <testcase name="feature" time="77.664" classname="com.testrunner.TestRunner"/>
</testsuite> <!-- com.testrunner.TestRunner -->
