<?xml version="1.0" encoding="UTF-8"?>
<!-- Generated by org.testng.reporters.JUnitReportReporter -->
<testsuite hostname="Vidhans-MacBook-Pro-2.local" name="com.testrunner.TestRunner" tests="2" failures="0" timestamp="9 Apr 2017 11:48:06 GMT" time="85.348" errors="0">
  <testcase name="feature" time="85.345" classname="com.testrunner.TestRunner"/>
  <testcase name="feature" time="0.003" classname="com.testrunner.TestRunner"/>
</testsuite> <!-- com.testrunner.TestRunner -->
