<?xml version="1.0" encoding="UTF-8"?>
<!-- Generated by org.testng.reporters.JUnitReportReporter -->
<testsuite hostname="Vidhans-MacBook-Pro-2.local" name="com.testrunner.TestRunner" tests="1" failures="0" timestamp="9 Apr 2017 13:39:41 GMT" time="78.731" errors="0">
  <testcase name="feature" time="78.731" classname="com.testrunner.TestRunner"/>
</testsuite> <!-- com.testrunner.TestRunner -->
